08:56:59.884 [main] DEBUG Fita2 - Area found.
08:57:23.387 [Thread-1] DEBUG Fita2 - Area found.
08:57:23.387 [Thread-1] DEBUG Fita2 - Found Space, adding Doors to list of DoorsGivingAccessToArea.
08:57:23.387 [Thread-1] DEBUG Fita2 - Found Space, adding Doors to list of DoorsGivingAccessToArea.
08:57:23.387 [Thread-1] DEBUG Fita2 - Found Space, adding Doors to list of DoorsGivingAccessToArea.
08:57:23.387 [Thread-1] DEBUG Fita2 - Found Space, adding Doors to list of DoorsGivingAccessToArea.
08:57:23.395 [Thread-1] DEBUG Fita2 - Found Space, adding Doors to list of DoorsGivingAccessToArea.
08:57:23.396 [Thread-1] DEBUG Fita2 - Found Space, adding Doors to list of DoorsGivingAccessToArea.
08:57:23.396 [Thread-1] DEBUG Fita2 - Found Space, adding Doors to list of DoorsGivingAccessToArea.
08:57:23.396 [Thread-1] DEBUG Fita2 - Found Space, adding Doors to list of DoorsGivingAccessToArea.
08:57:23.396 [Thread-1] DEBUG Fita2 - Found Space, adding Doors to list of DoorsGivingAccessToArea.
08:57:30.569 [Thread-2] DEBUG Fita2 - New Clock instance created.
08:57:30.569 [Timer-0] DEBUG Fita2 - run() executed at 2023-11-24T08:57:30.569734700
08:57:31.584 [Timer-0] DEBUG Fita2 - run() executed at 2023-11-24T08:57:31.584902900
08:57:32.578 [Timer-0] DEBUG Fita2 - run() executed at 2023-11-24T08:57:32.577581600
08:57:33.571 [Timer-0] DEBUG Fita2 - run() executed at 2023-11-24T08:57:33.571789100
08:57:34.574 [Timer-0] DEBUG Fita2 - run() executed at 2023-11-24T08:57:34.573728300
08:57:35.577 [Timer-0] DEBUG Fita2 - run() executed at 2023-11-24T08:57:35.577520200
08:57:36.573 [Timer-0] DEBUG Fita2 - run() executed at 2023-11-24T08:57:36.573580200
08:57:37.582 [Timer-0] DEBUG Fita2 - run() executed at 2023-11-24T08:57:37.582709200
08:57:38.576 [Timer-0] DEBUG Fita2 - run() executed at 2023-11-24T08:57:38.576803
08:57:39.579 [Timer-0] DEBUG Fita2 - run() executed at 2023-11-24T08:57:39.579706600
08:57:40.584 [Timer-0] DEBUG Fita2 - run() executed at 2023-11-24T08:57:40.584281600
08:57:41.577 [Timer-0] DEBUG Fita2 - run() executed at 2023-11-24T08:57:41.577170800
08:57:42.569 [Timer-0] DEBUG Fita2 - run() executed at 2023-11-24T08:57:42.569512400
08:57:43.576 [Timer-0] DEBUG Fita2 - run() executed at 2023-11-24T08:57:43.576646200
08:57:44.577 [Timer-0] DEBUG Fita2 - run() executed at 2023-11-24T08:57:44.577030900
08:57:45.571 [Timer-0] DEBUG Fita2 - run() executed at 2023-11-24T08:57:45.571759300
08:57:46.597 [Timer-0] DEBUG Fita2 - run() executed at 2023-11-24T08:57:46.597101100
08:57:47.578 [Timer-0] DEBUG Fita2 - run() executed at 2023-11-24T08:57:47.578906900
08:57:48.581 [Timer-0] DEBUG Fita2 - run() executed at 2023-11-24T08:57:48.581116800
08:57:49.583 [Timer-0] DEBUG Fita2 - run() executed at 2023-11-24T08:57:49.583605300
08:57:50.579 [Timer-0] DEBUG Fita2 - run() executed at 2023-11-24T08:57:50.579926700
08:57:51.583 [Timer-0] DEBUG Fita2 - run() executed at 2023-11-24T08:57:51.583033300
08:57:52.577 [Timer-0] DEBUG Fita2 - run() executed at 2023-11-24T08:57:52.577744400
08:57:53.576 [Timer-0] DEBUG Fita2 - run() executed at 2023-11-24T08:57:53.576045700
08:57:54.576 [Timer-0] DEBUG Fita2 - run() executed at 2023-11-24T08:57:54.576367500
08:57:55.577 [Timer-0] DEBUG Fita2 - run() executed at 2023-11-24T08:57:55.577632700
08:57:56.572 [Timer-0] DEBUG Fita2 - run() executed at 2023-11-24T08:57:56.572291
08:57:57.581 [Timer-0] DEBUG Fita2 - run() executed at 2023-11-24T08:57:57.581027100
08:57:58.575 [Timer-0] DEBUG Fita2 - run() executed at 2023-11-24T08:57:58.575518300
08:57:59.581 [Timer-0] DEBUG Fita2 - run() executed at 2023-11-24T08:57:59.581192100
08:58:00.578 [Timer-0] DEBUG Fita2 - run() executed at 2023-11-24T08:58:00.578851400
08:58:01.573 [Timer-0] DEBUG Fita2 - run() executed at 2023-11-24T08:58:01.573510400
08:58:02.575 [Timer-0] DEBUG Fita2 - run() executed at 2023-11-24T08:58:02.575046
08:58:03.576 [Timer-0] DEBUG Fita2 - run() executed at 2023-11-24T08:58:03.576378300
08:58:04.574 [Timer-0] DEBUG Fita2 - run() executed at 2023-11-24T08:58:04.574644300
08:58:05.578 [Timer-0] DEBUG Fita2 - run() executed at 2023-11-24T08:58:05.578033800
08:58:06.571 [Timer-0] DEBUG Fita2 - run() executed at 2023-11-24T08:58:06.571114900
08:58:07.570 [Timer-0] DEBUG Fita2 - run() executed at 2023-11-24T08:58:07.570189600
08:58:08.574 [Timer-0] DEBUG Fita2 - run() executed at 2023-11-24T08:58:08.574681200
08:58:09.575 [Timer-0] DEBUG Fita2 - run() executed at 2023-11-24T08:58:09.575788700
08:58:10.570 [Timer-0] DEBUG Fita2 - run() executed at 2023-11-24T08:58:10.570715400
08:58:11.592 [Timer-0] DEBUG Fita2 - run() executed at 2023-11-24T08:58:11.592756400
08:58:12.570 [Timer-0] DEBUG Fita2 - run() executed at 2023-11-24T08:58:12.570508400
08:58:13.573 [Timer-0] DEBUG Fita2 - run() executed at 2023-11-24T08:58:13.573446200
08:58:14.574 [Timer-0] DEBUG Fita2 - run() executed at 2023-11-24T08:58:14.574631900
08:58:15.578 [Timer-0] DEBUG Fita2 - run() executed at 2023-11-24T08:58:15.578690
08:58:16.585 [Timer-0] DEBUG Fita2 - run() executed at 2023-11-24T08:58:16.585363700
08:58:17.571 [Timer-0] DEBUG Fita2 - run() executed at 2023-11-24T08:58:17.571250800
08:58:18.580 [Timer-0] DEBUG Fita2 - run() executed at 2023-11-24T08:58:18.580899300
08:58:19.579 [Timer-0] DEBUG Fita2 - run() executed at 2023-11-24T08:58:19.579514900
08:58:20.575 [Timer-0] DEBUG Fita2 - run() executed at 2023-11-24T08:58:20.575889600
08:58:21.574 [Timer-0] DEBUG Fita2 - run() executed at 2023-11-24T08:58:21.574307400
08:58:22.579 [Timer-0] DEBUG Fita2 - run() executed at 2023-11-24T08:58:22.579881100
08:58:23.582 [Timer-0] DEBUG Fita2 - run() executed at 2023-11-24T08:58:23.582704600
08:58:24.581 [Timer-0] DEBUG Fita2 - run() executed at 2023-11-24T08:58:24.581432700
08:58:25.577 [Timer-0] DEBUG Fita2 - run() executed at 2023-11-24T08:58:25.577444
08:58:26.574 [Timer-0] DEBUG Fita2 - run() executed at 2023-11-24T08:58:26.574304900
08:58:27.586 [Timer-0] DEBUG Fita2 - run() executed at 2023-11-24T08:58:27.586650200
08:58:28.579 [Timer-0] DEBUG Fita2 - run() executed at 2023-11-24T08:58:28.579656800
08:58:29.578 [Timer-0] DEBUG Fita2 - run() executed at 2023-11-24T08:58:29.578770500
08:58:30.572 [Timer-0] DEBUG Fita2 - run() executed at 2023-11-24T08:58:30.572656100
08:58:31.577 [Timer-0] DEBUG Fita2 - run() executed at 2023-11-24T08:58:31.577875400
08:58:32.579 [Timer-0] DEBUG Fita2 - run() executed at 2023-11-24T08:58:32.579174700
08:58:33.585 [Timer-0] DEBUG Fita2 - run() executed at 2023-11-24T08:58:33.585344300
08:58:34.570 [Timer-0] DEBUG Fita2 - run() executed at 2023-11-24T08:58:34.570999200
08:58:35.578 [Timer-0] DEBUG Fita2 - run() executed at 2023-11-24T08:58:35.578067300
08:58:36.569 [Timer-0] DEBUG Fita2 - run() executed at 2023-11-24T08:58:36.569288300
08:58:37.569 [Timer-0] DEBUG Fita2 - run() executed at 2023-11-24T08:58:37.569579
08:58:38.583 [Timer-0] DEBUG Fita2 - run() executed at 2023-11-24T08:58:38.583033300
08:58:39.578 [Timer-0] DEBUG Fita2 - run() executed at 2023-11-24T08:58:39.578537800
08:58:40.582 [Timer-0] DEBUG Fita2 - run() executed at 2023-11-24T08:58:40.582149100
08:58:41.577 [Timer-0] DEBUG Fita2 - run() executed at 2023-11-24T08:58:41.577509800
08:58:42.571 [Timer-0] DEBUG Fita2 - run() executed at 2023-11-24T08:58:42.571178600
08:58:43.576 [Timer-0] DEBUG Fita2 - run() executed at 2023-11-24T08:58:43.576357900
08:58:44.582 [Timer-0] DEBUG Fita2 - run() executed at 2023-11-24T08:58:44.582882200
08:58:45.584 [Timer-0] DEBUG Fita2 - run() executed at 2023-11-24T08:58:45.584788300
08:58:46.575 [Timer-0] DEBUG Fita2 - run() executed at 2023-11-24T08:58:46.575917100
08:58:47.573 [Timer-0] DEBUG Fita2 - run() executed at 2023-11-24T08:58:47.573228300
08:58:48.574 [Timer-0] DEBUG Fita2 - run() executed at 2023-11-24T08:58:48.574040200
08:58:49.585 [Timer-0] DEBUG Fita2 - run() executed at 2023-11-24T08:58:49.585050700
08:58:50.574 [Timer-0] DEBUG Fita2 - run() executed at 2023-11-24T08:58:50.574595700
08:58:51.583 [Timer-0] DEBUG Fita2 - run() executed at 2023-11-24T08:58:51.583979200
08:58:52.575 [Timer-0] DEBUG Fita2 - run() executed at 2023-11-24T08:58:52.575510300
08:58:53.581 [Timer-0] DEBUG Fita2 - run() executed at 2023-11-24T08:58:53.581907100
08:58:54.582 [Timer-0] DEBUG Fita2 - run() executed at 2023-11-24T08:58:54.582983200
08:58:55.584 [Timer-0] DEBUG Fita2 - run() executed at 2023-11-24T08:58:55.584261300
08:58:56.576 [Timer-0] DEBUG Fita2 - run() executed at 2023-11-24T08:58:56.576870
08:58:57.576 [Timer-0] DEBUG Fita2 - run() executed at 2023-11-24T08:58:57.576449100
08:58:58.582 [Timer-0] DEBUG Fita2 - run() executed at 2023-11-24T08:58:58.582667400
08:58:59.574 [Timer-0] DEBUG Fita2 - run() executed at 2023-11-24T08:58:59.574483900
08:59:00.580 [Timer-0] DEBUG Fita2 - run() executed at 2023-11-24T08:59:00.580902200
08:59:01.577 [Timer-0] DEBUG Fita2 - run() executed at 2023-11-24T08:59:01.577158400
08:59:02.579 [Timer-0] DEBUG Fita2 - run() executed at 2023-11-24T08:59:02.579985
08:59:03.578 [Timer-0] DEBUG Fita2 - run() executed at 2023-11-24T08:59:03.578690400
08:59:04.577 [Timer-0] DEBUG Fita2 - run() executed at 2023-11-24T08:59:04.577488300
08:59:05.577 [Timer-0] DEBUG Fita2 - run() executed at 2023-11-24T08:59:05.577145900
08:59:06.583 [Timer-0] DEBUG Fita2 - run() executed at 2023-11-24T08:59:06.583755200
08:59:07.581 [Timer-0] DEBUG Fita2 - run() executed at 2023-11-24T08:59:07.581359800
19:59:02.359 [main] DEBUG Fita2 - Area found.
20:01:30.714 [main] DEBUG Fita2 - Area found.
20:57:09.109 [main] DEBUG Fita2 - Area found.
20:59:54.459 [main] DEBUG Fita2 - Area found.
21:16:45.726 [main] DEBUG Fita2 - Area found.
21:18:17.950 [main] DEBUG Fita2 - Area found.
21:19:12.994 [main] DEBUG Fita2 - Area found.
21:25:56.469 [main] DEBUG Fita2 - Area found.
21:28:05.124 [main] DEBUG Fita2 - Area found.
21:31:27.239 [main] DEBUG Fita2 - Area found.
21:32:10.948 [main] DEBUG Fita2 - Area found.
21:34:54.606 [main] DEBUG Fita2 - Area found.
18:04:15.156 [main] DEBUG Fita2 - Area found.
18:35:36.382 [main] DEBUG Fita2 - Area found.
18:36:31.335 [main] DEBUG Fita2 - Area found.
19:06:02.318 [Thread-70] DEBUG Fita2 - Area found.
19:06:02.332 [Thread-70] DEBUG Fita2 - Found Space, adding Doors to list of DoorsGivingAccessToArea.
19:07:34.747 [Thread-71] DEBUG Fita2 - Area found.
19:07:34.747 [Thread-71] DEBUG Fita2 - Found Space, adding Doors to list of DoorsGivingAccessToArea.
19:07:51.744 [Thread-73] DEBUG Fita2 - Area found.
19:07:51.744 [Thread-73] DEBUG Fita2 - Found Space, adding Doors to list of DoorsGivingAccessToArea.
19:08:04.924 [Thread-74] DEBUG Fita2 - Area found.
19:08:04.924 [Thread-74] DEBUG Fita2 - Found Space, adding Doors to list of DoorsGivingAccessToArea.
19:21:00.386 [main] DEBUG Fita2 - Area found.
19:22:10.449 [Thread-7] DEBUG Fita2 - Area found.
19:22:10.456 [Thread-7] DEBUG Fita2 - Found Space, adding Doors to list of DoorsGivingAccessToArea.
19:23:03.889 [Thread-8] DEBUG Fita2 - Area found.
19:23:03.890 [Thread-8] DEBUG Fita2 - Found Space, adding Doors to list of DoorsGivingAccessToArea.
19:23:03.890 [Thread-8] DEBUG Fita2 - Found Space, adding Doors to list of DoorsGivingAccessToArea.
19:23:03.890 [Thread-8] DEBUG Fita2 - Found Space, adding Doors to list of DoorsGivingAccessToArea.
19:23:03.890 [Thread-8] DEBUG Fita2 - Found Space, adding Doors to list of DoorsGivingAccessToArea.
19:23:03.890 [Thread-8] DEBUG Fita2 - Found Space, adding Doors to list of DoorsGivingAccessToArea.
19:23:03.890 [Thread-8] DEBUG Fita2 - Found Space, adding Doors to list of DoorsGivingAccessToArea.
19:23:03.890 [Thread-8] DEBUG Fita2 - Found Space, adding Doors to list of DoorsGivingAccessToArea.
19:23:03.890 [Thread-8] DEBUG Fita2 - Found Space, adding Doors to list of DoorsGivingAccessToArea.
19:23:03.890 [Thread-8] DEBUG Fita2 - Found Space, adding Doors to list of DoorsGivingAccessToArea.
19:24:47.191 [Thread-9] DEBUG Fita2 - Area found.
19:24:47.191 [Thread-9] DEBUG Fita2 - Found Space, adding Doors to list of DoorsGivingAccessToArea.
19:24:47.191 [Thread-9] DEBUG Fita2 - Found Space, adding Doors to list of DoorsGivingAccessToArea.
19:24:47.191 [Thread-9] DEBUG Fita2 - Found Space, adding Doors to list of DoorsGivingAccessToArea.
19:24:47.191 [Thread-9] DEBUG Fita2 - Found Space, adding Doors to list of DoorsGivingAccessToArea.
19:24:47.191 [Thread-9] DEBUG Fita2 - Found Space, adding Doors to list of DoorsGivingAccessToArea.
19:24:47.191 [Thread-9] DEBUG Fita2 - Found Space, adding Doors to list of DoorsGivingAccessToArea.
19:24:47.191 [Thread-9] DEBUG Fita2 - Found Space, adding Doors to list of DoorsGivingAccessToArea.
19:24:47.191 [Thread-9] DEBUG Fita2 - Found Space, adding Doors to list of DoorsGivingAccessToArea.
19:24:47.191 [Thread-9] DEBUG Fita2 - Found Space, adding Doors to list of DoorsGivingAccessToArea.
19:24:52.719 [Thread-10] DEBUG Fita2 - Area found.
19:24:52.719 [Thread-10] DEBUG Fita2 - Found Space, adding Doors to list of DoorsGivingAccessToArea.
19:25:30.054 [Thread-11] DEBUG Fita2 - Area found.
19:25:30.054 [Thread-11] DEBUG Fita2 - Found Space, adding Doors to list of DoorsGivingAccessToArea.
19:27:31.728 [main] DEBUG Fita2 - Area found.
19:27:46.181 [Thread-1] DEBUG Fita2 - Area found.
19:27:46.182 [Thread-1] DEBUG Fita2 - Found Space, adding Doors to list of DoorsGivingAccessToArea.
19:30:23.986 [main] DEBUG Fita2 - Area found.
19:30:52.735 [Thread-1] DEBUG Fita2 - Area found.
19:30:52.736 [Thread-1] DEBUG Fita2 - Found Space, adding Doors to list of DoorsGivingAccessToArea.
19:32:15.286 [Thread-2] DEBUG Fita2 - Area found.
19:32:15.286 [Thread-2] DEBUG Fita2 - Found Space, adding Doors to list of DoorsGivingAccessToArea.
19:32:33.914 [main] DEBUG Fita2 - Area found.
19:32:44.477 [Thread-1] DEBUG Fita2 - Area found.
19:32:44.478 [Thread-1] DEBUG Fita2 - Found Space, adding Doors to list of DoorsGivingAccessToArea.
19:32:56.723 [main] DEBUG Fita2 - Area found.
19:33:00.106 [Thread-1] DEBUG Fita2 - Area found.
19:33:00.107 [Thread-1] DEBUG Fita2 - Found Space, adding Doors to list of DoorsGivingAccessToArea.
19:34:35.401 [Thread-2] DEBUG Fita2 - Area found.
19:34:35.401 [Thread-2] DEBUG Fita2 - Found Space, adding Doors to list of DoorsGivingAccessToArea.
19:59:08.817 [Thread-3] DEBUG Fita2 - Area found.
19:59:08.818 [Thread-3] DEBUG Fita2 - Found Space, adding Doors to list of DoorsGivingAccessToArea.
20:22:56.690 [Thread-4] DEBUG Fita2 - Area found.
20:22:56.690 [Thread-4] DEBUG Fita2 - Found Space, adding Doors to list of DoorsGivingAccessToArea.
20:24:20.632 [Thread-5] DEBUG Fita2 - Area found.
20:24:20.633 [Thread-5] DEBUG Fita2 - Found Space, adding Doors to list of DoorsGivingAccessToArea.
20:27:21.891 [Thread-6] DEBUG Fita2 - Area found.
20:27:21.891 [Thread-6] DEBUG Fita2 - Found Space, adding Doors to list of DoorsGivingAccessToArea.
20:27:59.054 [Thread-7] DEBUG Fita2 - Area found.
20:27:59.054 [Thread-7] DEBUG Fita2 - Found Space, adding Doors to list of DoorsGivingAccessToArea.
20:28:46.086 [Thread-8] DEBUG Fita2 - Area found.
20:28:46.087 [Thread-8] DEBUG Fita2 - Found Space, adding Doors to list of DoorsGivingAccessToArea.
20:29:19.695 [Thread-9] DEBUG Fita2 - Area found.
20:29:19.695 [Thread-9] DEBUG Fita2 - Found Space, adding Doors to list of DoorsGivingAccessToArea.
20:29:56.861 [Thread-10] DEBUG Fita2 - Area found.
20:29:56.862 [Thread-10] DEBUG Fita2 - Found Space, adding Doors to list of DoorsGivingAccessToArea.
20:32:07.724 [Thread-11] DEBUG Fita2 - Area found.
20:32:07.724 [Thread-11] DEBUG Fita2 - Found Space, adding Doors to list of DoorsGivingAccessToArea.
20:32:35.803 [Thread-12] DEBUG Fita2 - Area found.
20:32:35.803 [Thread-12] DEBUG Fita2 - Found Space, adding Doors to list of DoorsGivingAccessToArea.
20:33:40.409 [Thread-13] DEBUG Fita2 - Area found.
20:33:40.409 [Thread-13] DEBUG Fita2 - Found Space, adding Doors to list of DoorsGivingAccessToArea.
20:35:44.166 [Thread-14] DEBUG Fita2 - Area found.
20:35:44.167 [Thread-14] DEBUG Fita2 - Found Space, adding Doors to list of DoorsGivingAccessToArea.
20:39:51.831 [Thread-15] DEBUG Fita2 - Area found.
20:39:51.832 [Thread-15] DEBUG Fita2 - Found Space, adding Doors to list of DoorsGivingAccessToArea.
20:40:41.826 [Thread-16] DEBUG Fita2 - Area found.
20:40:41.826 [Thread-16] DEBUG Fita2 - Found Space, adding Doors to list of DoorsGivingAccessToArea.
20:42:07.469 [Thread-17] DEBUG Fita2 - Area found.
20:42:07.469 [Thread-17] DEBUG Fita2 - Found Space, adding Doors to list of DoorsGivingAccessToArea.
20:52:32.237 [main] DEBUG Fita2 - Area found.
20:56:31.829 [Thread-1] DEBUG Fita2 - Area found.
20:56:31.830 [Thread-1] DEBUG Fita2 - Found Space, adding Doors to list of DoorsGivingAccessToArea.
20:56:51.482 [main] DEBUG Fita2 - Area found.
20:56:57.819 [Thread-5] DEBUG Fita2 - Area found.
20:56:57.820 [Thread-5] DEBUG Fita2 - Found Space, adding Doors to list of DoorsGivingAccessToArea.
20:58:17.946 [Thread-7] DEBUG Fita2 - Area found.
20:58:17.946 [Thread-7] DEBUG Fita2 - Found Space, adding Doors to list of DoorsGivingAccessToArea.
20:58:17.946 [Thread-7] DEBUG Fita2 - Found Space, adding Doors to list of DoorsGivingAccessToArea.
20:58:17.946 [Thread-7] DEBUG Fita2 - Found Space, adding Doors to list of DoorsGivingAccessToArea.
20:58:17.946 [Thread-7] DEBUG Fita2 - Found Space, adding Doors to list of DoorsGivingAccessToArea.
20:58:17.947 [Thread-7] DEBUG Fita2 - Found Space, adding Doors to list of DoorsGivingAccessToArea.
20:58:17.947 [Thread-7] DEBUG Fita2 - Found Space, adding Doors to list of DoorsGivingAccessToArea.
20:58:17.947 [Thread-7] DEBUG Fita2 - Found Space, adding Doors to list of DoorsGivingAccessToArea.
20:58:17.947 [Thread-7] DEBUG Fita2 - Found Space, adding Doors to list of DoorsGivingAccessToArea.
20:58:17.948 [Thread-7] DEBUG Fita2 - Found Space, adding Doors to list of DoorsGivingAccessToArea.
20:58:21.720 [Thread-8] DEBUG Fita2 - Area found.
20:58:21.720 [Thread-8] DEBUG Fita2 - Found Space, adding Doors to list of DoorsGivingAccessToArea.
20:58:21.721 [Thread-8] DEBUG Fita2 - Found Space, adding Doors to list of DoorsGivingAccessToArea.
20:58:21.721 [Thread-8] DEBUG Fita2 - Found Space, adding Doors to list of DoorsGivingAccessToArea.
20:58:21.721 [Thread-8] DEBUG Fita2 - Found Space, adding Doors to list of DoorsGivingAccessToArea.
20:58:21.721 [Thread-8] DEBUG Fita2 - Found Space, adding Doors to list of DoorsGivingAccessToArea.
20:58:21.721 [Thread-8] DEBUG Fita2 - Found Space, adding Doors to list of DoorsGivingAccessToArea.
20:58:21.721 [Thread-8] DEBUG Fita2 - Found Space, adding Doors to list of DoorsGivingAccessToArea.
20:58:21.721 [Thread-8] DEBUG Fita2 - Found Space, adding Doors to list of DoorsGivingAccessToArea.
20:58:21.721 [Thread-8] DEBUG Fita2 - Found Space, adding Doors to list of DoorsGivingAccessToArea.
20:58:30.321 [Thread-9] DEBUG Fita2 - Area found.
20:58:30.321 [Thread-9] DEBUG Fita2 - Found Space, adding Doors to list of DoorsGivingAccessToArea.
21:02:07.892 [Thread-10] DEBUG Fita2 - Area found.
21:02:07.893 [Thread-10] DEBUG Fita2 - Found Space, adding Doors to list of DoorsGivingAccessToArea.
21:02:57.898 [Thread-11] DEBUG Fita2 - Area found.
21:02:57.899 [Thread-11] DEBUG Fita2 - Found Space, adding Doors to list of DoorsGivingAccessToArea.
21:03:01.650 [Thread-12] DEBUG Fita2 - Area found.
21:03:01.650 [Thread-12] DEBUG Fita2 - Found Space, adding Doors to list of DoorsGivingAccessToArea.
21:03:02.919 [Thread-13] DEBUG Fita2 - Area found.
21:03:02.919 [Thread-13] DEBUG Fita2 - Found Space, adding Doors to list of DoorsGivingAccessToArea.
21:03:19.001 [Thread-14] DEBUG Fita2 - Area found.
21:03:19.001 [Thread-14] DEBUG Fita2 - Found Space, adding Doors to list of DoorsGivingAccessToArea.
21:04:30.484 [Thread-15] DEBUG Fita2 - Area found.
21:04:30.485 [Thread-15] DEBUG Fita2 - Found Space, adding Doors to list of DoorsGivingAccessToArea.
21:09:19.316 [Thread-16] DEBUG Fita2 - Area found.
21:09:19.316 [Thread-16] DEBUG Fita2 - Found Space, adding Doors to list of DoorsGivingAccessToArea.
21:11:42.081 [Thread-18] DEBUG Fita2 - Area found.
21:11:42.081 [Thread-18] DEBUG Fita2 - Found Space, adding Doors to list of DoorsGivingAccessToArea.
21:11:42.083 [Thread-19] DEBUG Fita2 - Area found.
21:11:42.083 [Thread-19] DEBUG Fita2 - Found Space, adding Doors to list of DoorsGivingAccessToArea.
21:11:42.083 [Thread-19] DEBUG Fita2 - Found Space, adding Doors to list of DoorsGivingAccessToArea.
21:11:42.083 [Thread-19] DEBUG Fita2 - Found Space, adding Doors to list of DoorsGivingAccessToArea.
21:11:42.085 [Thread-20] DEBUG Fita2 - Area found.
21:11:42.085 [Thread-20] DEBUG Fita2 - Found Space, adding Doors to list of DoorsGivingAccessToArea.
21:11:42.085 [Thread-20] DEBUG Fita2 - Found Space, adding Doors to list of DoorsGivingAccessToArea.
21:11:42.085 [Thread-20] DEBUG Fita2 - Found Space, adding Doors to list of DoorsGivingAccessToArea.
21:11:42.088 [Thread-23] DEBUG Fita2 - Area found.
21:11:42.088 [Thread-21] DEBUG Fita2 - Area found.
21:11:42.089 [Thread-21] DEBUG Fita2 - Found Space, adding Doors to list of DoorsGivingAccessToArea.
21:11:42.089 [Thread-21] DEBUG Fita2 - Found Space, adding Doors to list of DoorsGivingAccessToArea.
21:11:42.089 [Thread-21] DEBUG Fita2 - Found Space, adding Doors to list of DoorsGivingAccessToArea.
21:11:42.089 [Thread-23] DEBUG Fita2 - Found Space, adding Doors to list of DoorsGivingAccessToArea.
21:11:42.089 [Thread-23] DEBUG Fita2 - Found Space, adding Doors to list of DoorsGivingAccessToArea.
21:11:42.089 [Thread-23] DEBUG Fita2 - Found Space, adding Doors to list of DoorsGivingAccessToArea.
21:11:42.090 [Thread-22] DEBUG Fita2 - Area found.
21:11:42.090 [Thread-22] DEBUG Fita2 - Found Space, adding Doors to list of DoorsGivingAccessToArea.
21:11:42.095 [Thread-24] DEBUG Fita2 - Area found.
21:11:42.095 [Thread-26] DEBUG Fita2 - Area found.
21:11:42.096 [Thread-24] DEBUG Fita2 - Found Space, adding Doors to list of DoorsGivingAccessToArea.
21:11:42.096 [Thread-26] DEBUG Fita2 - Found Space, adding Doors to list of DoorsGivingAccessToArea.
21:11:42.096 [Thread-25] DEBUG Fita2 - Area found.
21:11:42.097 [Thread-25] DEBUG Fita2 - Found Space, adding Doors to list of DoorsGivingAccessToArea.
21:11:50.315 [Thread-29] DEBUG Fita2 - Area found.
21:11:50.315 [Thread-29] DEBUG Fita2 - Found Space, adding Doors to list of DoorsGivingAccessToArea.
21:12:08.015 [Thread-30] DEBUG Fita2 - Area found.
21:12:08.016 [Thread-30] DEBUG Fita2 - Found Space, adding Doors to list of DoorsGivingAccessToArea.
21:12:16.040 [Thread-31] DEBUG Fita2 - Area found.
21:12:16.040 [Thread-31] DEBUG Fita2 - Found Space, adding Doors to list of DoorsGivingAccessToArea.
21:15:31.454 [Thread-32] DEBUG Fita2 - Area found.
21:15:31.455 [Thread-32] DEBUG Fita2 - Found Space, adding Doors to list of DoorsGivingAccessToArea.
21:17:13.919 [Thread-33] DEBUG Fita2 - Area found.
21:17:13.919 [Thread-33] DEBUG Fita2 - Found Space, adding Doors to list of DoorsGivingAccessToArea.
21:17:49.989 [Thread-34] DEBUG Fita2 - Area found.
21:17:49.989 [Thread-34] DEBUG Fita2 - Found Space, adding Doors to list of DoorsGivingAccessToArea.
21:19:09.620 [Thread-35] DEBUG Fita2 - Area found.
21:19:09.620 [Thread-35] DEBUG Fita2 - Found Space, adding Doors to list of DoorsGivingAccessToArea.
21:20:05.771 [Thread-36] DEBUG Fita2 - Area found.
21:20:05.773 [Thread-36] DEBUG Fita2 - Found Space, adding Doors to list of DoorsGivingAccessToArea.
21:21:58.999 [Thread-37] DEBUG Fita2 - Area found.
21:21:58.999 [Thread-37] DEBUG Fita2 - Found Space, adding Doors to list of DoorsGivingAccessToArea.
21:22:30.230 [Thread-49] DEBUG Fita2 - Area found.
21:22:30.230 [Thread-49] DEBUG Fita2 - Found Space, adding Doors to list of DoorsGivingAccessToArea.
21:22:41.316 [main] DEBUG Fita2 - Area found.
21:22:47.834 [Thread-2] DEBUG Fita2 - Area found.
21:22:47.835 [Thread-2] DEBUG Fita2 - Found Space, adding Doors to list of DoorsGivingAccessToArea.
21:22:54.090 [Thread-12] DEBUG Fita2 - Area found.
21:22:54.090 [Thread-12] DEBUG Fita2 - Found Space, adding Doors to list of DoorsGivingAccessToArea.
21:22:54.090 [Thread-12] DEBUG Fita2 - Found Space, adding Doors to list of DoorsGivingAccessToArea.
21:22:54.090 [Thread-12] DEBUG Fita2 - Found Space, adding Doors to list of DoorsGivingAccessToArea.
21:22:58.993 [Thread-17] DEBUG Fita2 - Area found.
21:22:58.993 [Thread-17] DEBUG Fita2 - Found Space, adding Doors to list of DoorsGivingAccessToArea.
21:22:58.994 [Thread-17] DEBUG Fita2 - Found Space, adding Doors to list of DoorsGivingAccessToArea.
21:22:58.994 [Thread-17] DEBUG Fita2 - Found Space, adding Doors to list of DoorsGivingAccessToArea.
21:25:07.348 [Thread-20] DEBUG Fita2 - Area found.
21:25:07.348 [Thread-20] DEBUG Fita2 - Found Space, adding Doors to list of DoorsGivingAccessToArea.
21:25:52.740 [Thread-21] DEBUG Fita2 - Area found.
21:25:52.740 [Thread-21] DEBUG Fita2 - Found Space, adding Doors to list of DoorsGivingAccessToArea.
21:25:55.512 [Thread-22] DEBUG Fita2 - Area found.
21:25:55.512 [Thread-22] DEBUG Fita2 - Found Space, adding Doors to list of DoorsGivingAccessToArea.
21:40:46.026 [main] DEBUG Fita2 - Area found.
21:40:57.130 [Thread-1] DEBUG Fita2 - Area found.
21:40:57.130 [Thread-1] DEBUG Fita2 - Found Space, adding Doors to list of DoorsGivingAccessToArea.
21:44:04.320 [main] DEBUG Fita2 - Area found.
21:44:09.304 [Thread-1] DEBUG Fita2 - Area found.
21:44:09.305 [Thread-1] DEBUG Fita2 - Found Space, adding Doors to list of DoorsGivingAccessToArea.
18:32:13.829 [main] DEBUG Fita2 - Area found.
18:32:19.691 [Thread-0] DEBUG Fita2 - Area found.
18:35:52.294 [Thread-1] DEBUG Fita2 - Area found.
18:36:11.549 [Thread-2] DEBUG Fita2 - Area found.
18:36:54.113 [Thread-3] DEBUG Fita2 - Area found.
18:38:50.036 [Thread-4] DEBUG Fita2 - Area found.
18:48:19.669 [Thread-5] DEBUG Fita2 - Area found.
18:50:51.121 [Thread-6] DEBUG Fita2 - Area found.
18:59:12.416 [Thread-7] DEBUG Fita2 - Area found.
18:59:14.459 [Thread-8] DEBUG Fita2 - Area found.
18:59:17.088 [Thread-9] DEBUG Fita2 - Area found.
18:59:18.019 [Thread-10] DEBUG Fita2 - Area found.
18:59:19.473 [Thread-11] DEBUG Fita2 - Area found.
18:59:51.156 [Thread-12] DEBUG Fita2 - Area found.
18:59:52.899 [Thread-13] DEBUG Fita2 - Area found.
18:59:54.609 [Thread-14] DEBUG Fita2 - Area found.
19:00:01.801 [Thread-15] DEBUG Fita2 - Area found.
19:06:13.711 [Thread-16] DEBUG Fita2 - Area found.
19:06:14.949 [Thread-17] DEBUG Fita2 - Area found.
19:06:31.650 [Thread-18] DEBUG Fita2 - Area found.
19:06:34.067 [Thread-19] DEBUG Fita2 - Area found.
19:06:34.702 [Thread-20] DEBUG Fita2 - Area found.
19:06:38.744 [Thread-21] DEBUG Fita2 - Area found.
19:06:40.571 [Thread-22] DEBUG Fita2 - Area found.
19:09:32.344 [Thread-23] DEBUG Fita2 - Area found.
19:09:33.239 [Thread-24] DEBUG Fita2 - Area found.
19:09:47.168 [Thread-26] DEBUG Fita2 - Area found.
19:09:47.672 [Thread-27] DEBUG Fita2 - Area found.
19:09:48.609 [Thread-28] DEBUG Fita2 - Area found.
19:09:49.755 [Thread-29] DEBUG Fita2 - Area found.
19:09:50.620 [Thread-30] DEBUG Fita2 - Area found.
19:09:53.287 [Thread-31] DEBUG Fita2 - Area found.
19:09:53.770 [Thread-32] DEBUG Fita2 - Area found.
19:09:54.634 [Thread-33] DEBUG Fita2 - Area found.
19:09:55.504 [Thread-34] DEBUG Fita2 - Area found.
19:09:56.252 [Thread-35] DEBUG Fita2 - Area found.
19:10:48.566 [Thread-38] DEBUG Fita2 - Area found.
19:10:49.155 [Thread-39] DEBUG Fita2 - Area found.
19:10:50.265 [Thread-40] DEBUG Fita2 - Area found.
19:19:16.440 [Thread-42] DEBUG Fita2 - Area found.
19:19:16.459 [Thread-42] DEBUG Fita2 - Found Space, adding Doors to list of DoorsGivingAccessToArea.
19:19:25.811 [Thread-44] DEBUG Fita2 - Area found.
19:19:25.811 [Thread-44] DEBUG Fita2 - Found Space, adding Doors to list of DoorsGivingAccessToArea.
19:19:25.811 [Thread-44] DEBUG Fita2 - Found Space, adding Doors to list of DoorsGivingAccessToArea.
19:19:25.811 [Thread-44] DEBUG Fita2 - Found Space, adding Doors to list of DoorsGivingAccessToArea.
19:19:31.179 [Thread-46] DEBUG Fita2 - Area found.
19:19:31.179 [Thread-46] DEBUG Fita2 - Found Space, adding Doors to list of DoorsGivingAccessToArea.
19:19:31.179 [Thread-46] DEBUG Fita2 - Found Space, adding Doors to list of DoorsGivingAccessToArea.
19:19:31.179 [Thread-46] DEBUG Fita2 - Found Space, adding Doors to list of DoorsGivingAccessToArea.
19:19:39.566 [Thread-48] DEBUG Fita2 - Area found.
19:19:39.566 [Thread-48] DEBUG Fita2 - Found Space, adding Doors to list of DoorsGivingAccessToArea.
19:21:20.378 [Thread-54] DEBUG Fita2 - Area found.
19:21:20.378 [Thread-54] DEBUG Fita2 - Found Space, adding Doors to list of DoorsGivingAccessToArea.
19:21:20.378 [Thread-54] DEBUG Fita2 - Found Space, adding Doors to list of DoorsGivingAccessToArea.
19:21:20.378 [Thread-54] DEBUG Fita2 - Found Space, adding Doors to list of DoorsGivingAccessToArea.
19:21:21.086 [Thread-55] DEBUG Fita2 - Area found.
19:21:21.086 [Thread-55] DEBUG Fita2 - Found Space, adding Doors to list of DoorsGivingAccessToArea.
19:21:21.086 [Thread-55] DEBUG Fita2 - Found Space, adding Doors to list of DoorsGivingAccessToArea.
19:21:21.086 [Thread-55] DEBUG Fita2 - Found Space, adding Doors to list of DoorsGivingAccessToArea.
19:21:24.052 [Thread-56] DEBUG Fita2 - Area found.
19:21:24.052 [Thread-56] DEBUG Fita2 - Found Space, adding Doors to list of DoorsGivingAccessToArea.
19:21:55.255 [Thread-58] DEBUG Fita2 - Area found.
19:21:55.255 [Thread-58] DEBUG Fita2 - Found Space, adding Doors to list of DoorsGivingAccessToArea.
19:21:55.255 [Thread-58] DEBUG Fita2 - Found Space, adding Doors to list of DoorsGivingAccessToArea.
19:21:55.255 [Thread-58] DEBUG Fita2 - Found Space, adding Doors to list of DoorsGivingAccessToArea.
19:22:15.975 [Thread-59] DEBUG Fita2 - Area found.
19:22:15.975 [Thread-59] DEBUG Fita2 - Found Space, adding Doors to list of DoorsGivingAccessToArea.
19:22:15.975 [Thread-59] DEBUG Fita2 - Found Space, adding Doors to list of DoorsGivingAccessToArea.
19:22:15.975 [Thread-59] DEBUG Fita2 - Found Space, adding Doors to list of DoorsGivingAccessToArea.
19:22:20.838 [Thread-61] DEBUG Fita2 - Area found.
19:22:20.838 [Thread-61] DEBUG Fita2 - Found Space, adding Doors to list of DoorsGivingAccessToArea.
19:22:20.838 [Thread-61] DEBUG Fita2 - Found Space, adding Doors to list of DoorsGivingAccessToArea.
19:22:20.838 [Thread-61] DEBUG Fita2 - Found Space, adding Doors to list of DoorsGivingAccessToArea.
19:22:23.729 [Thread-63] DEBUG Fita2 - Area found.
19:22:23.729 [Thread-63] DEBUG Fita2 - Found Space, adding Doors to list of DoorsGivingAccessToArea.
19:22:26.783 [Thread-65] DEBUG Fita2 - Area found.
19:22:27.956 [Thread-66] DEBUG Fita2 - Area found.
19:22:27.956 [Thread-66] DEBUG Fita2 - Found Space, adding Doors to list of DoorsGivingAccessToArea.
19:22:33.346 [Thread-68] DEBUG Fita2 - Area found.
19:22:33.346 [Thread-68] DEBUG Fita2 - Found Space, adding Doors to list of DoorsGivingAccessToArea.
19:28:16.818 [Thread-70] DEBUG Fita2 - Area found.
19:28:20.695 [Thread-72] DEBUG Fita2 - Area found.
19:28:22.878 [Thread-74] DEBUG Fita2 - Area found.
19:28:25.917 [Thread-76] DEBUG Fita2 - Area found.
19:28:29.294 [Thread-78] DEBUG Fita2 - Area found.
19:31:41.670 [Thread-113] DEBUG Fita2 - Area found.
19:31:43.256 [Thread-114] DEBUG Fita2 - Area found.
19:31:44.175 [Thread-115] DEBUG Fita2 - Area found.
19:42:58.885 [Thread-305] DEBUG Fita2 - Area found.
19:43:00.141 [Thread-306] DEBUG Fita2 - Area found.
19:43:01.021 [Thread-307] DEBUG Fita2 - Area found.
19:48:45.765 [Thread-367] DEBUG Fita2 - Area found.
19:48:57.215 [Thread-375] DEBUG Fita2 - Area found.
19:52:55.136 [Thread-402] DEBUG Fita2 - Area found.
19:53:01.645 [Thread-407] DEBUG Fita2 - Area found.
19:53:04.296 [Thread-409] DEBUG Fita2 - Area found.
19:53:06.916 [Thread-411] DEBUG Fita2 - Area found.
19:53:09.930 [Thread-412] DEBUG Fita2 - Area found.
19:53:09.930 [Thread-412] DEBUG Fita2 - Found Space, adding Doors to list of DoorsGivingAccessToArea.
19:53:14.804 [Thread-414] DEBUG Fita2 - Area found.
19:53:15.622 [Thread-415] DEBUG Fita2 - Area found.
19:53:21.501 [Thread-420] DEBUG Fita2 - Area found.
19:53:29.992 [Thread-421] DEBUG Fita2 - Area found.
19:53:29.992 [Thread-421] DEBUG Fita2 - Found Space, adding Doors to list of DoorsGivingAccessToArea.
19:53:35.032 [Thread-423] DEBUG Fita2 - Area found.
19:53:35.032 [Thread-423] DEBUG Fita2 - Found Space, adding Doors to list of DoorsGivingAccessToArea.
19:53:53.118 [Thread-425] DEBUG Fita2 - Area found.
19:53:54.504 [Thread-426] DEBUG Fita2 - Area found.
19:53:54.504 [Thread-426] DEBUG Fita2 - Found Space, adding Doors to list of DoorsGivingAccessToArea.
19:53:57.749 [Thread-428] DEBUG Fita2 - Area found.
19:54:03.342 [Thread-433] DEBUG Fita2 - Area found.
19:54:05.352 [Thread-434] DEBUG Fita2 - Area found.
19:54:06.353 [Thread-435] DEBUG Fita2 - Area found.
19:54:06.353 [Thread-435] DEBUG Fita2 - Found Space, adding Doors to list of DoorsGivingAccessToArea.
19:54:11.386 [Thread-437] DEBUG Fita2 - Area found.
20:00:40.156 [Thread-455] DEBUG Fita2 - Area found.
20:00:40.156 [Thread-455] DEBUG Fita2 - Found Space, adding Doors to list of DoorsGivingAccessToArea.
20:00:40.157 [Thread-455] DEBUG Fita2 - Found Space, adding Doors to list of DoorsGivingAccessToArea.
20:00:40.157 [Thread-455] DEBUG Fita2 - Found Space, adding Doors to list of DoorsGivingAccessToArea.
20:00:40.157 [Thread-455] DEBUG Fita2 - Found Space, adding Doors to list of DoorsGivingAccessToArea.
20:00:40.157 [Thread-455] DEBUG Fita2 - Found Space, adding Doors to list of DoorsGivingAccessToArea.
20:00:40.157 [Thread-455] DEBUG Fita2 - Found Space, adding Doors to list of DoorsGivingAccessToArea.
20:00:40.157 [Thread-455] DEBUG Fita2 - Found Space, adding Doors to list of DoorsGivingAccessToArea.
20:00:40.157 [Thread-455] DEBUG Fita2 - Found Space, adding Doors to list of DoorsGivingAccessToArea.
20:00:40.157 [Thread-455] DEBUG Fita2 - Found Space, adding Doors to list of DoorsGivingAccessToArea.
20:00:45.065 [Thread-457] DEBUG Fita2 - Area found.
20:00:45.065 [Thread-457] DEBUG Fita2 - Found Space, adding Doors to list of DoorsGivingAccessToArea.
20:00:56.392 [Thread-465] DEBUG Fita2 - Area found.
20:00:56.392 [Thread-465] DEBUG Fita2 - Found Space, adding Doors to list of DoorsGivingAccessToArea.
20:00:56.392 [Thread-465] DEBUG Fita2 - Found Space, adding Doors to list of DoorsGivingAccessToArea.
20:00:56.392 [Thread-465] DEBUG Fita2 - Found Space, adding Doors to list of DoorsGivingAccessToArea.
20:00:56.393 [Thread-465] DEBUG Fita2 - Found Space, adding Doors to list of DoorsGivingAccessToArea.
20:00:56.393 [Thread-465] DEBUG Fita2 - Found Space, adding Doors to list of DoorsGivingAccessToArea.
20:00:56.393 [Thread-465] DEBUG Fita2 - Found Space, adding Doors to list of DoorsGivingAccessToArea.
20:00:56.393 [Thread-465] DEBUG Fita2 - Found Space, adding Doors to list of DoorsGivingAccessToArea.
20:00:56.393 [Thread-465] DEBUG Fita2 - Found Space, adding Doors to list of DoorsGivingAccessToArea.
20:00:56.393 [Thread-465] DEBUG Fita2 - Found Space, adding Doors to list of DoorsGivingAccessToArea.
20:01:01.573 [Thread-467] DEBUG Fita2 - Area found.
20:01:01.573 [Thread-467] DEBUG Fita2 - Found Space, adding Doors to list of DoorsGivingAccessToArea.
20:01:01.573 [Thread-467] DEBUG Fita2 - Found Space, adding Doors to list of DoorsGivingAccessToArea.
20:01:01.573 [Thread-467] DEBUG Fita2 - Found Space, adding Doors to list of DoorsGivingAccessToArea.
20:01:01.573 [Thread-467] DEBUG Fita2 - Found Space, adding Doors to list of DoorsGivingAccessToArea.
20:01:01.573 [Thread-467] DEBUG Fita2 - Found Space, adding Doors to list of DoorsGivingAccessToArea.
20:01:01.573 [Thread-467] DEBUG Fita2 - Found Space, adding Doors to list of DoorsGivingAccessToArea.
20:01:01.573 [Thread-467] DEBUG Fita2 - Found Space, adding Doors to list of DoorsGivingAccessToArea.
20:01:01.573 [Thread-467] DEBUG Fita2 - Found Space, adding Doors to list of DoorsGivingAccessToArea.
20:01:01.573 [Thread-467] DEBUG Fita2 - Found Space, adding Doors to list of DoorsGivingAccessToArea.
20:01:05.019 [Thread-469] DEBUG Fita2 - Area found.
20:01:05.019 [Thread-469] DEBUG Fita2 - Found Space, adding Doors to list of DoorsGivingAccessToArea.
20:01:05.019 [Thread-469] DEBUG Fita2 - Found Space, adding Doors to list of DoorsGivingAccessToArea.
20:01:05.019 [Thread-469] DEBUG Fita2 - Found Space, adding Doors to list of DoorsGivingAccessToArea.
20:01:05.019 [Thread-469] DEBUG Fita2 - Found Space, adding Doors to list of DoorsGivingAccessToArea.
20:01:05.019 [Thread-469] DEBUG Fita2 - Found Space, adding Doors to list of DoorsGivingAccessToArea.
20:01:05.019 [Thread-469] DEBUG Fita2 - Found Space, adding Doors to list of DoorsGivingAccessToArea.
20:01:05.019 [Thread-469] DEBUG Fita2 - Found Space, adding Doors to list of DoorsGivingAccessToArea.
20:01:05.019 [Thread-469] DEBUG Fita2 - Found Space, adding Doors to list of DoorsGivingAccessToArea.
20:01:05.019 [Thread-469] DEBUG Fita2 - Found Space, adding Doors to list of DoorsGivingAccessToArea.
19:23:00.857 [main] DEBUG Fita2 - Area found.
19:24:42.782 [Thread-2] DEBUG Fita2 - Area found.
19:24:46.178 [Thread-3] DEBUG Fita2 - Area found.
19:24:48.067 [Thread-4] DEBUG Fita2 - Area found.
19:24:50.457 [Thread-5] DEBUG Fita2 - Area found.
19:24:52.311 [Thread-6] DEBUG Fita2 - Area found.
19:24:52.332 [Thread-6] DEBUG Fita2 - Found Space, adding Doors to list of DoorsGivingAccessToArea.
19:24:58.023 [Thread-8] DEBUG Fita2 - Area found.
19:25:07.814 [Thread-10] DEBUG Fita2 - Area found.
19:25:08.574 [Thread-11] DEBUG Fita2 - Area found.
19:25:09.323 [Thread-12] DEBUG Fita2 - Area found.
19:49:13.392 [Thread-16] DEBUG Fita2 - Area found.
19:49:14.312 [Thread-17] DEBUG Fita2 - Area found.
19:50:46.148 [Thread-45] DEBUG Fita2 - Area found.
19:51:38.578 [Thread-63] DEBUG Fita2 - Area found.
19:52:20.837 [Thread-78] DEBUG Fita2 - Area found.
19:57:52.184 [Thread-81] DEBUG Fita2 - Area found.
19:57:52.184 [Thread-81] DEBUG Fita2 - Found Space, adding Doors to list of DoorsGivingAccessToArea.
19:58:02.199 [Thread-84] DEBUG Fita2 - Area found.
19:58:03.842 [Thread-85] DEBUG Fita2 - Area found.
19:58:04.608 [Thread-86] DEBUG Fita2 - Area found.
19:59:48.637 [Thread-88] DEBUG Fita2 - Area found.
20:01:28.504 [Thread-116] DEBUG Fita2 - Area found.
20:01:29.824 [Thread-117] DEBUG Fita2 - Area found.
20:01:30.560 [Thread-118] DEBUG Fita2 - Area found.
20:02:31.447 [Thread-144] DEBUG Fita2 - Area found.
20:02:58.343 [Thread-150] DEBUG Fita2 - Area found.
20:02:59.631 [Thread-151] DEBUG Fita2 - Area found.
20:03:00.128 [Thread-152] DEBUG Fita2 - Area found.
20:11:22.299 [Thread-213] DEBUG Fita2 - Area found.
20:12:09.475 [Thread-225] DEBUG Fita2 - Area found.
20:13:01.088 [Thread-237] DEBUG Fita2 - Area found.
20:13:28.074 [Thread-245] DEBUG Fita2 - Area found.
20:17:33.759 [Thread-301] DEBUG Fita2 - Area found.
20:17:34.875 [Thread-302] DEBUG Fita2 - Area found.
20:17:35.676 [Thread-303] DEBUG Fita2 - Area found.
20:17:50.237 [Thread-322] DEBUG Fita2 - Area found.
20:19:24.530 [Thread-325] DEBUG Fita2 - Area found.
20:19:25.694 [Thread-326] DEBUG Fita2 - Area found.
20:19:26.463 [Thread-327] DEBUG Fita2 - Area found.
20:20:59.420 [Thread-340] DEBUG Fita2 - Area found.
20:21:00.643 [Thread-341] DEBUG Fita2 - Area found.
20:21:01.204 [Thread-342] DEBUG Fita2 - Area found.
20:21:31.098 [Thread-344] DEBUG Fita2 - Area found.
20:21:32.449 [Thread-345] DEBUG Fita2 - Area found.
20:21:33.246 [Thread-346] DEBUG Fita2 - Area found.
20:23:37.689 [Thread-354] DEBUG Fita2 - Area found.
20:24:07.345 [Thread-367] DEBUG Fita2 - Area found.
20:24:27.314 [Thread-370] DEBUG Fita2 - Area found.
20:25:08.169 [Thread-373] DEBUG Fita2 - Area found.
20:25:45.665 [Thread-375] DEBUG Fita2 - Area found.
20:26:01.033 [Thread-377] DEBUG Fita2 - Area found.
20:28:24.710 [Thread-379] DEBUG Fita2 - Area found.
20:28:36.226 [Thread-381] DEBUG Fita2 - Area found.
20:31:28.804 [Thread-407] DEBUG Fita2 - Area found.
20:32:35.417 [Thread-412] DEBUG Fita2 - Area found.
20:33:22.956 [Thread-424] DEBUG Fita2 - Area found.
20:35:39.351 [Thread-445] DEBUG Fita2 - Area found.
20:36:24.161 [Thread-447] DEBUG Fita2 - Area found.
20:36:53.673 [Thread-455] DEBUG Fita2 - Area found.
20:37:16.321 [Thread-463] DEBUG Fita2 - Area found.
20:38:04.893 [Thread-484] DEBUG Fita2 - Area found.
20:38:48.638 [Thread-499] DEBUG Fita2 - Area found.
20:38:59.222 [Thread-503] DEBUG Fita2 - Area found.
20:39:09.968 [Thread-505] DEBUG Fita2 - Area found.
20:39:37.762 [Thread-507] DEBUG Fita2 - Area found.
20:39:49.214 [Thread-509] DEBUG Fita2 - Area found.
20:40:22.922 [Thread-539] DEBUG Fita2 - Area found.
20:40:31.952 [Thread-543] DEBUG Fita2 - Area found.
20:40:47.221 [Thread-551] DEBUG Fita2 - Area found.
20:40:56.783 [Thread-556] DEBUG Fita2 - Area found.
20:41:05.449 [Thread-563] DEBUG Fita2 - Area found.
20:41:18.107 [Thread-565] DEBUG Fita2 - Area found.
20:41:27.218 [Thread-570] DEBUG Fita2 - Area found.
20:43:45.081 [Thread-586] DEBUG Fita2 - Area found.
20:54:02.609 [Thread-587] DEBUG Fita2 - Area found.
20:54:50.045 [Thread-588] DEBUG Fita2 - Area found.
20:56:40.972 [Thread-589] DEBUG Fita2 - Area found.
20:58:38.056 [Thread-590] DEBUG Fita2 - Area found.
21:01:12.385 [Thread-591] DEBUG Fita2 - Area found.
21:01:28.838 [main] DEBUG Fita2 - Area found.
21:01:44.949 [Thread-0] DEBUG Fita2 - Area found.
21:01:55.888 [main] DEBUG Fita2 - Area found.
21:06:02.147 [main] DEBUG Fita2 - Area found.
21:08:28.005 [main] DEBUG Fita2 - Area found.
21:13:26.764 [main] DEBUG Fita2 - Area found.
21:21:14.242 [main] DEBUG Fita2 - Area found.
21:21:17.513 [main] DEBUG Fita2 - Area found.
21:22:34.401 [main] DEBUG Fita2 - Area found.
21:24:49.193 [main] DEBUG Fita2 - Area found.
21:53:42.346 [Thread-14] DEBUG Fita2 - Area found.
21:53:50.008 [Thread-15] DEBUG Fita2 - Area found.
21:53:52.749 [Thread-16] DEBUG Fita2 - Area found.
21:54:04.254 [Thread-17] DEBUG Fita2 - Area found.
21:55:46.831 [Thread-19] DEBUG Fita2 - Area found.
21:55:53.073 [Thread-20] DEBUG Fita2 - Area found.
21:56:08.794 [Thread-22] DEBUG Fita2 - Area found.
21:56:21.387 [Thread-23] DEBUG Fita2 - Area found.
21:56:55.435 [Thread-24] DEBUG Fita2 - Area found.
21:57:47.693 [Thread-25] DEBUG Fita2 - Area found.
21:57:56.934 [Thread-27] DEBUG Fita2 - Area found.
21:58:00.191 [Thread-29] DEBUG Fita2 - Area found.
21:58:05.606 [Thread-30] DEBUG Fita2 - Area found.
21:58:09.971 [Thread-32] DEBUG Fita2 - Area found.
21:58:10.740 [Thread-33] DEBUG Fita2 - Area found.
22:05:00.085 [main] DEBUG Fita2 - Area found.
22:05:36.773 [Thread-1] DEBUG Fita2 - Area found.
22:05:37.769 [Thread-2] DEBUG Fita2 - Area found.
22:05:52.441 [Thread-8] DEBUG Fita2 - Area found.
22:05:53.355 [Thread-9] DEBUG Fita2 - Area found.
22:06:24.144 [Thread-10] DEBUG Fita2 - Area found.
22:06:28.095 [Thread-11] DEBUG Fita2 - Area found.
22:06:35.071 [Thread-13] DEBUG Fita2 - Area found.
22:07:07.525 [Thread-15] DEBUG Fita2 - Area found.
22:15:16.028 [Thread-22] DEBUG Fita2 - Area found.
22:16:29.743 [Thread-26] DEBUG Fita2 - Area found.
22:16:31.088 [Thread-27] DEBUG Fita2 - Area found.
22:16:33.112 [Thread-28] DEBUG Fita2 - Area found.
22:18:40.729 [Thread-32] DEBUG Fita2 - Area found.
22:18:42.182 [Thread-33] DEBUG Fita2 - Area found.
22:18:44.706 [Thread-34] DEBUG Fita2 - Area found.
22:19:10.444 [Thread-36] DEBUG Fita2 - Area found.
22:19:12.050 [Thread-37] DEBUG Fita2 - Area found.
22:19:14.768 [Thread-38] DEBUG Fita2 - Area found.
22:19:19.424 [Thread-40] DEBUG Fita2 - Area found.
22:19:24.599 [Thread-42] DEBUG Fita2 - Area found.
22:19:27.477 [Thread-43] DEBUG Fita2 - Area found.
22:19:28.707 [Thread-44] DEBUG Fita2 - Area found.
22:19:31.194 [Thread-46] DEBUG Fita2 - Area found.
22:19:35.225 [Thread-48] DEBUG Fita2 - Area found.
22:19:37.878 [Thread-49] DEBUG Fita2 - Area found.
22:19:39.108 [Thread-50] DEBUG Fita2 - Area found.
22:19:39.708 [Thread-51] DEBUG Fita2 - Area found.
22:19:43.369 [Thread-52] DEBUG Fita2 - Area found.
22:19:48.196 [Thread-54] DEBUG Fita2 - Area found.
22:19:49.790 [Thread-55] DEBUG Fita2 - Area found.
22:19:52.105 [Thread-56] DEBUG Fita2 - Area found.
22:19:54.745 [Thread-58] DEBUG Fita2 - Area found.
22:19:56.245 [Thread-59] DEBUG Fita2 - Area found.
22:19:57.378 [Thread-60] DEBUG Fita2 - Area found.
22:19:57.957 [Thread-61] DEBUG Fita2 - Area found.
22:19:59.095 [Thread-62] DEBUG Fita2 - Area found.
22:19:59.810 [Thread-63] DEBUG Fita2 - Area found.
22:20:00.900 [Thread-64] DEBUG Fita2 - Area found.
22:20:02.676 [Thread-66] DEBUG Fita2 - Area found.
22:20:07.989 [Thread-68] DEBUG Fita2 - Area found.
19:12:49.439 [main] DEBUG Fita2 - Area found.
19:17:27.062 [Thread-2] DEBUG Fita2 - Area found.
19:17:28.345 [Thread-3] DEBUG Fita2 - Area found.
19:17:31.441 [Thread-4] DEBUG Fita2 - Area found.
19:17:34.407 [Thread-6] DEBUG Fita2 - Area found.
19:17:35.044 [Thread-7] DEBUG Fita2 - Area found.
19:17:37.793 [Thread-8] DEBUG Fita2 - Area found.
19:19:12.327 [Thread-10] DEBUG Fita2 - Area found.
19:24:01.792 [Thread-12] DEBUG Fita2 - Area found.
19:24:01.814 [Thread-12] DEBUG Fita2 - Found Space, adding Doors to list of DoorsGivingAccessToArea.
19:24:01.815 [Thread-12] DEBUG Fita2 - Found Space, adding Doors to list of DoorsGivingAccessToArea.
19:24:01.815 [Thread-12] DEBUG Fita2 - Found Space, adding Doors to list of DoorsGivingAccessToArea.
19:24:01.815 [Thread-12] DEBUG Fita2 - Found Space, adding Doors to list of DoorsGivingAccessToArea.
19:24:01.815 [Thread-12] DEBUG Fita2 - Found Space, adding Doors to list of DoorsGivingAccessToArea.
19:24:01.815 [Thread-12] DEBUG Fita2 - Found Space, adding Doors to list of DoorsGivingAccessToArea.
19:24:01.815 [Thread-12] DEBUG Fita2 - Found Space, adding Doors to list of DoorsGivingAccessToArea.
19:24:01.815 [Thread-12] DEBUG Fita2 - Found Space, adding Doors to list of DoorsGivingAccessToArea.
19:24:01.815 [Thread-12] DEBUG Fita2 - Found Space, adding Doors to list of DoorsGivingAccessToArea.
19:24:04.635 [Thread-13] DEBUG Fita2 - Area found.
19:24:04.635 [Thread-13] DEBUG Fita2 - Found Space, adding Doors to list of DoorsGivingAccessToArea.
19:24:04.635 [Thread-13] DEBUG Fita2 - Found Space, adding Doors to list of DoorsGivingAccessToArea.
19:24:04.635 [Thread-13] DEBUG Fita2 - Found Space, adding Doors to list of DoorsGivingAccessToArea.
19:24:07.897 [Thread-14] DEBUG Fita2 - Area found.
19:24:07.897 [Thread-14] DEBUG Fita2 - Found Space, adding Doors to list of DoorsGivingAccessToArea.
19:24:07.897 [Thread-14] DEBUG Fita2 - Found Space, adding Doors to list of DoorsGivingAccessToArea.
19:24:07.898 [Thread-14] DEBUG Fita2 - Found Space, adding Doors to list of DoorsGivingAccessToArea.
19:24:07.898 [Thread-14] DEBUG Fita2 - Found Space, adding Doors to list of DoorsGivingAccessToArea.
19:24:07.898 [Thread-14] DEBUG Fita2 - Found Space, adding Doors to list of DoorsGivingAccessToArea.
19:24:07.898 [Thread-14] DEBUG Fita2 - Found Space, adding Doors to list of DoorsGivingAccessToArea.
19:24:07.898 [Thread-14] DEBUG Fita2 - Found Space, adding Doors to list of DoorsGivingAccessToArea.
19:24:07.898 [Thread-14] DEBUG Fita2 - Found Space, adding Doors to list of DoorsGivingAccessToArea.
19:24:07.898 [Thread-14] DEBUG Fita2 - Found Space, adding Doors to list of DoorsGivingAccessToArea.
19:24:13.674 [Thread-15] DEBUG Fita2 - Area found.
19:24:14.289 [Thread-16] DEBUG Fita2 - Area found.
19:24:21.212 [Thread-20] DEBUG Fita2 - Area found.
19:24:25.345 [Thread-26] DEBUG Fita2 - Area found.
19:25:13.507 [Thread-30] DEBUG Fita2 - Area found.
19:25:32.056 [Thread-32] DEBUG Fita2 - Area found.
19:25:32.956 [Thread-33] DEBUG Fita2 - Area found.
19:25:35.312 [Thread-35] DEBUG Fita2 - Area found.
19:25:36.010 [Thread-36] DEBUG Fita2 - Area found.
19:25:42.304 [Thread-38] DEBUG Fita2 - Area found.
19:25:42.304 [Thread-38] DEBUG Fita2 - Found Space, adding Doors to list of DoorsGivingAccessToArea.
19:25:48.863 [Thread-39] DEBUG Fita2 - Area found.
19:25:48.864 [Thread-39] DEBUG Fita2 - Found Space, adding Doors to list of DoorsGivingAccessToArea.
19:25:51.739 [Thread-40] DEBUG Fita2 - Area found.
19:25:51.739 [Thread-40] DEBUG Fita2 - Found Space, adding Doors to list of DoorsGivingAccessToArea.
19:26:30.777 [Thread-41] DEBUG Fita2 - Area found.
19:26:35.312 [Thread-43] DEBUG Fita2 - Area found.
19:26:41.332 [Thread-45] DEBUG Fita2 - Area found.
19:26:41.333 [Thread-45] DEBUG Fita2 - Found Space, adding Doors to list of DoorsGivingAccessToArea.
19:26:41.333 [Thread-45] DEBUG Fita2 - Found Space, adding Doors to list of DoorsGivingAccessToArea.
19:26:41.333 [Thread-45] DEBUG Fita2 - Found Space, adding Doors to list of DoorsGivingAccessToArea.
19:26:41.333 [Thread-45] DEBUG Fita2 - Found Space, adding Doors to list of DoorsGivingAccessToArea.
19:26:41.333 [Thread-45] DEBUG Fita2 - Found Space, adding Doors to list of DoorsGivingAccessToArea.
19:26:41.333 [Thread-45] DEBUG Fita2 - Found Space, adding Doors to list of DoorsGivingAccessToArea.
19:26:41.333 [Thread-45] DEBUG Fita2 - Found Space, adding Doors to list of DoorsGivingAccessToArea.
19:26:41.334 [Thread-45] DEBUG Fita2 - Found Space, adding Doors to list of DoorsGivingAccessToArea.
19:26:41.334 [Thread-45] DEBUG Fita2 - Found Space, adding Doors to list of DoorsGivingAccessToArea.
19:26:42.429 [Thread-46] DEBUG Fita2 - Area found.
19:26:42.429 [Thread-46] DEBUG Fita2 - Found Space, adding Doors to list of DoorsGivingAccessToArea.
19:26:42.429 [Thread-46] DEBUG Fita2 - Found Space, adding Doors to list of DoorsGivingAccessToArea.
19:26:42.429 [Thread-46] DEBUG Fita2 - Found Space, adding Doors to list of DoorsGivingAccessToArea.
19:26:42.429 [Thread-46] DEBUG Fita2 - Found Space, adding Doors to list of DoorsGivingAccessToArea.
19:26:42.429 [Thread-46] DEBUG Fita2 - Found Space, adding Doors to list of DoorsGivingAccessToArea.
19:26:42.429 [Thread-46] DEBUG Fita2 - Found Space, adding Doors to list of DoorsGivingAccessToArea.
19:26:42.429 [Thread-46] DEBUG Fita2 - Found Space, adding Doors to list of DoorsGivingAccessToArea.
19:26:42.429 [Thread-46] DEBUG Fita2 - Found Space, adding Doors to list of DoorsGivingAccessToArea.
19:26:42.429 [Thread-46] DEBUG Fita2 - Found Space, adding Doors to list of DoorsGivingAccessToArea.
19:28:19.923 [Thread-47] DEBUG Fita2 - Area found.
19:28:24.156 [Thread-48] DEBUG Fita2 - Area found.
19:28:28.395 [Thread-49] DEBUG Fita2 - Area found.
19:28:36.271 [Thread-51] DEBUG Fita2 - Area found.
20:08:34.729 [Thread-61] DEBUG Fita2 - Area found.
20:09:33.616 [Thread-63] DEBUG Fita2 - Area found.
20:09:34.895 [Thread-64] DEBUG Fita2 - Area found.
20:09:49.052 [Thread-65] DEBUG Fita2 - Area found.
20:11:53.308 [Thread-68] DEBUG Fita2 - Area found.
20:18:32.642 [Thread-73] DEBUG Fita2 - Area found.
20:20:38.846 [main] DEBUG Fita2 - Area found.
20:24:53.859 [Thread-5] DEBUG Fita2 - Area found.
20:29:21.693 [Thread-8] DEBUG Fita2 - Area found.
20:29:38.420 [Thread-10] DEBUG Fita2 - Area found.
20:36:07.143 [Thread-13] DEBUG Fita2 - Area found.
20:39:30.949 [Thread-15] DEBUG Fita2 - Area found.
20:39:32.147 [Thread-16] DEBUG Fita2 - Area found.
20:39:33.779 [Thread-17] DEBUG Fita2 - Area found.
20:45:27.853 [Thread-19] DEBUG Fita2 - Area found.
20:45:53.707 [Thread-21] DEBUG Fita2 - Area found.
20:46:34.729 [Thread-23] DEBUG Fita2 - Area found.
20:46:56.509 [Thread-25] DEBUG Fita2 - Area found.
20:47:37.777 [Thread-27] DEBUG Fita2 - Area found.
20:52:19.337 [Thread-30] DEBUG Fita2 - Area found.
20:52:30.925 [Thread-32] DEBUG Fita2 - Area found.
20:55:02.045 [Thread-37] DEBUG Fita2 - Area found.
20:55:15.552 [Thread-38] DEBUG Fita2 - Area found.
20:55:15.566 [Thread-38] DEBUG Fita2 - Found Space, adding Doors to list of DoorsGivingAccessToArea.
21:03:06.239 [Thread-41] DEBUG Fita2 - Area found.
21:04:14.441 [Thread-42] DEBUG Fita2 - Area found.
21:04:23.285 [Thread-44] DEBUG Fita2 - Area found.
21:05:15.197 [Thread-46] DEBUG Fita2 - Area found.
21:05:18.195 [Thread-47] DEBUG Fita2 - Area found.
21:09:01.401 [Thread-49] DEBUG Fita2 - Area found.
21:09:21.548 [Thread-50] DEBUG Fita2 - Area found.
21:09:29.941 [Thread-52] DEBUG Fita2 - Area found.
21:09:32.944 [Thread-53] DEBUG Fita2 - Area found.
21:09:43.244 [Thread-57] DEBUG Fita2 - Area found.
21:09:56.115 [Thread-60] DEBUG Fita2 - Area found.
21:09:59.115 [Thread-61] DEBUG Fita2 - Area found.
21:10:02.115 [Thread-62] DEBUG Fita2 - Area found.
21:10:08.215 [Thread-64] DEBUG Fita2 - Area found.
21:10:11.215 [Thread-65] DEBUG Fita2 - Area found.
21:10:14.213 [Thread-66] DEBUG Fita2 - Area found.
21:10:17.215 [Thread-67] DEBUG Fita2 - Area found.
21:10:20.212 [Thread-68] DEBUG Fita2 - Area found.
21:10:23.214 [Thread-69] DEBUG Fita2 - Area found.
21:10:26.212 [Thread-70] DEBUG Fita2 - Area found.
21:10:29.213 [Thread-71] DEBUG Fita2 - Area found.
21:10:32.213 [Thread-72] DEBUG Fita2 - Area found.
21:10:35.214 [Thread-73] DEBUG Fita2 - Area found.
21:10:38.217 [Thread-74] DEBUG Fita2 - Area found.
21:10:41.212 [Thread-75] DEBUG Fita2 - Area found.
21:10:45.473 [Thread-76] DEBUG Fita2 - Area found.
21:11:39.651 [Thread-78] DEBUG Fita2 - Area found.
21:11:39.653 [Thread-79] DEBUG Fita2 - Area found.
21:14:57.014 [Thread-82] DEBUG Fita2 - Area found.
21:14:57.018 [Thread-83] DEBUG Fita2 - Area found.
21:14:57.025 [Thread-84] DEBUG Fita2 - Area found.
21:15:05.211 [Thread-86] DEBUG Fita2 - Area found.
21:16:42.515 [Thread-87] DEBUG Fita2 - Area found.
21:16:54.688 [Thread-89] DEBUG Fita2 - Area found.
